<?xml version="1.0" encoding="UTF-8"?>
<!-- Generated by org.testng.reporters.JUnitReportReporter -->
<testsuite skipped="0" hostname="AGATI-D015" name="transBotpackage.TransbotClass" tests="1" failures="0" timestamp="2020-11-30T13:24:15 IST" time="34.888" errors="0">
  <testcase name="test5" time="34.888" classname="transBotpackage.TransbotClass"/>
  <system-out/>
</testsuite> <!-- transBotpackage.TransbotClass -->
